2015-04-03 04:55:26.376+0000 INFO  [API] Setting startup timeout to: 120000ms based on -1
2015-04-03 04:55:27.923+0000 INFO  [API] Successfully started database
2015-04-03 04:55:27.999+0000 INFO  [API] Starting HTTP on port :7474 with 80 threads available
2015-04-03 04:55:28.207+0000 INFO  [API] Enabling HTTPS on port :7473
2015-04-03 04:55:28.299+0000 INFO  [API] Mounted discovery module at [/]
2015-04-03 04:55:28.306+0000 INFO  [API] Mounted REST API at [/db/data/]
2015-04-03 04:55:28.309+0000 INFO  [API] Mounted management API at [/db/manage/]
2015-04-03 04:55:28.310+0000 INFO  [API] Mounted webadmin at [/webadmin]
2015-04-03 04:55:28.310+0000 INFO  [API] Mounted Neo4j Browser at [/browser]
2015-04-03 04:55:28.382+0000 INFO  [API] Mounting static content at [/webadmin] from [webadmin-html]
2015-04-03 04:55:28.434+0000 INFO  [API] Mounting static content at [/browser] from [browser]
21:55:28.436 [main] WARN  o.e.j.server.handler.ContextHandler - o.e.j.s.ServletContextHandler@1c838432{/,null,null} contextPath ends with /
21:55:28.436 [main] WARN  o.e.j.server.handler.ContextHandler - Empty contextPath
21:55:28.438 [main] INFO  org.eclipse.jetty.server.Server - jetty-9.0.5.v20130815
21:55:28.463 [main] INFO  o.e.j.server.handler.ContextHandler - Started o.e.j.s.h.MovedContextHandler@1cdca0c8{/,null,AVAILABLE}
21:55:28.553 [main] INFO  o.e.j.w.StandardDescriptorProcessor - NO JSP Support for /webadmin, did not find org.apache.jasper.servlet.JspServlet
21:55:28.565 [main] INFO  o.e.j.server.handler.ContextHandler - Started o.e.j.w.WebAppContext@7a8c4f67{/webadmin,jar:file:/Users/crashprophet/Git/gifter/database/neo4j-2.1.7/system/lib/neo4j-server-2.1.7-static-web.jar!/webadmin-html,AVAILABLE}
21:55:28.990 [main] INFO  o.e.j.server.handler.ContextHandler - Started o.e.j.s.ServletContextHandler@7adeb3c5{/db/manage,null,AVAILABLE}
21:55:29.218 [main] INFO  o.e.j.server.handler.ContextHandler - Started o.e.j.s.ServletContextHandler@17815b02{/db/data,null,AVAILABLE}
21:55:29.234 [main] INFO  o.e.j.w.StandardDescriptorProcessor - NO JSP Support for /browser, did not find org.apache.jasper.servlet.JspServlet
21:55:29.235 [main] INFO  o.e.j.server.handler.ContextHandler - Started o.e.j.w.WebAppContext@42aee2b7{/browser,jar:file:/Users/crashprophet/Git/gifter/database/neo4j-2.1.7/system/lib/neo4j-browser-2.1.7.jar!/browser,AVAILABLE}
21:55:29.325 [main] INFO  o.e.j.server.handler.ContextHandler - Started o.e.j.s.ServletContextHandler@1c838432{/,null,AVAILABLE}
21:55:29.343 [main] INFO  o.e.jetty.server.ServerConnector - Started ServerConnector@2056e42{HTTP/1.1}{localhost:7474}
21:55:29.699 [main] INFO  o.e.jetty.server.ServerConnector - Started ServerConnector@4737c153{SSL-HTTP/1.1}{localhost:7473}
2015-04-03 04:55:29.700+0000 INFO  [API] Server started on: http://localhost:7474/
2015-04-03 04:55:29.700+0000 INFO  [API] Remote interface ready and available at [http://localhost:7474/]
2015-04-03 17:01:44.456+0000 INFO  [API] Neo4j Server shutdown initiated by request
10:01:44.484 [Thread-25] INFO  o.e.jetty.server.ServerConnector - Stopped ServerConnector@2056e42{HTTP/1.1}{localhost:7474}
10:01:44.487 [Thread-25] INFO  o.e.jetty.server.ServerConnector - Stopped ServerConnector@4737c153{SSL-HTTP/1.1}{localhost:7473}
10:01:44.490 [Thread-25] INFO  o.e.j.server.handler.ContextHandler - Stopped o.e.j.s.ServletContextHandler@1c838432{/,null,UNAVAILABLE}
10:01:44.492 [Thread-25] INFO  o.e.j.server.handler.ContextHandler - Stopped o.e.j.w.WebAppContext@42aee2b7{/browser,jar:file:/Users/crashprophet/Git/gifter/database/neo4j-2.1.7/system/lib/neo4j-browser-2.1.7.jar!/browser,UNAVAILABLE}
10:01:44.493 [Thread-25] INFO  o.e.j.server.handler.ContextHandler - Stopped o.e.j.s.ServletContextHandler@17815b02{/db/data,null,UNAVAILABLE}
10:01:44.493 [Thread-25] INFO  o.e.j.server.handler.ContextHandler - Stopped o.e.j.s.ServletContextHandler@7adeb3c5{/db/manage,null,UNAVAILABLE}
10:01:44.494 [Thread-25] INFO  o.e.j.server.handler.ContextHandler - Stopped o.e.j.w.WebAppContext@7a8c4f67{/webadmin,jar:file:/Users/crashprophet/Git/gifter/database/neo4j-2.1.7/system/lib/neo4j-server-2.1.7-static-web.jar!/webadmin-html,UNAVAILABLE}
10:01:44.494 [Thread-25] INFO  o.e.j.server.handler.ContextHandler - Stopped o.e.j.s.h.MovedContextHandler@1cdca0c8{/,null,UNAVAILABLE}
2015-04-03 17:01:44.502+0000 INFO  [API] Successfully shutdown Neo4j Server.
2015-04-03 17:01:44.622+0000 INFO  [API] Successfully stopped database
2015-04-03 17:01:44.623+0000 INFO  [API] Successfully shutdown database.
2015-04-03 17:01:49.704+0000 INFO  [API] Setting startup timeout to: 120000ms based on -1
2015-04-03 17:01:51.331+0000 INFO  [API] Successfully started database
2015-04-03 17:01:51.406+0000 INFO  [API] Starting HTTP on port :7474 with 80 threads available
2015-04-03 17:01:51.610+0000 INFO  [API] Enabling HTTPS on port :7473
2015-04-03 17:01:51.706+0000 INFO  [API] Mounted discovery module at [/]
2015-04-03 17:01:51.715+0000 INFO  [API] Mounted REST API at [/db/data/]
2015-04-03 17:01:51.718+0000 INFO  [API] Mounted management API at [/db/manage/]
2015-04-03 17:01:51.718+0000 INFO  [API] Mounted webadmin at [/webadmin]
2015-04-03 17:01:51.718+0000 INFO  [API] Mounted Neo4j Browser at [/browser]
2015-04-03 17:01:51.794+0000 INFO  [API] Mounting static content at [/webadmin] from [webadmin-html]
2015-04-03 17:01:51.847+0000 INFO  [API] Mounting static content at [/browser] from [browser]
10:01:51.849 [main] WARN  o.e.j.server.handler.ContextHandler - o.e.j.s.ServletContextHandler@62cc6826{/,null,null} contextPath ends with /
10:01:51.849 [main] WARN  o.e.j.server.handler.ContextHandler - Empty contextPath
10:01:51.852 [main] INFO  org.eclipse.jetty.server.Server - jetty-9.0.5.v20130815
10:01:51.877 [main] INFO  o.e.j.server.handler.ContextHandler - Started o.e.j.s.h.MovedContextHandler@1e1cba5a{/,null,AVAILABLE}
10:01:51.981 [main] INFO  o.e.j.w.StandardDescriptorProcessor - NO JSP Support for /webadmin, did not find org.apache.jasper.servlet.JspServlet
10:01:51.993 [main] INFO  o.e.j.server.handler.ContextHandler - Started o.e.j.w.WebAppContext@2e04589f{/webadmin,jar:file:/Users/crashprophet/Git/gifter/database/neo4j-2.1.7/system/lib/neo4j-server-2.1.7-static-web.jar!/webadmin-html,AVAILABLE}
10:01:52.432 [main] INFO  o.e.j.server.handler.ContextHandler - Started o.e.j.s.ServletContextHandler@53168a4c{/db/manage,null,AVAILABLE}
10:01:52.644 [main] INFO  o.e.j.server.handler.ContextHandler - Started o.e.j.s.ServletContextHandler@27d07bf1{/db/data,null,AVAILABLE}
10:01:52.660 [main] INFO  o.e.j.w.StandardDescriptorProcessor - NO JSP Support for /browser, did not find org.apache.jasper.servlet.JspServlet
10:01:52.662 [main] INFO  o.e.j.server.handler.ContextHandler - Started o.e.j.w.WebAppContext@1bab6a4b{/browser,jar:file:/Users/crashprophet/Git/gifter/database/neo4j-2.1.7/system/lib/neo4j-browser-2.1.7.jar!/browser,AVAILABLE}
10:01:52.741 [main] INFO  o.e.j.server.handler.ContextHandler - Started o.e.j.s.ServletContextHandler@62cc6826{/,null,AVAILABLE}
10:01:52.761 [main] INFO  o.e.jetty.server.ServerConnector - Started ServerConnector@8f0c564{HTTP/1.1}{localhost:7474}
10:01:53.116 [main] INFO  o.e.jetty.server.ServerConnector - Started ServerConnector@4b0e2694{SSL-HTTP/1.1}{localhost:7473}
2015-04-03 17:01:53.116+0000 INFO  [API] Server started on: http://localhost:7474/
2015-04-03 17:01:53.117+0000 INFO  [API] Remote interface ready and available at [http://localhost:7474/]
2015-04-04 14:05:49.424+0000 INFO  [API] Neo4j Server shutdown initiated by request
07:05:49.474 [Thread-25] INFO  o.e.jetty.server.ServerConnector - Stopped ServerConnector@8f0c564{HTTP/1.1}{localhost:7474}
07:05:49.479 [Thread-25] INFO  o.e.jetty.server.ServerConnector - Stopped ServerConnector@4b0e2694{SSL-HTTP/1.1}{localhost:7473}
07:05:49.485 [Thread-25] INFO  o.e.j.server.handler.ContextHandler - Stopped o.e.j.s.ServletContextHandler@62cc6826{/,null,UNAVAILABLE}
07:05:49.489 [Thread-25] INFO  o.e.j.server.handler.ContextHandler - Stopped o.e.j.w.WebAppContext@1bab6a4b{/browser,jar:file:/Users/crashprophet/Git/gifter/database/neo4j-2.1.7/system/lib/neo4j-browser-2.1.7.jar!/browser,UNAVAILABLE}
07:05:49.491 [Thread-25] INFO  o.e.j.server.handler.ContextHandler - Stopped o.e.j.s.ServletContextHandler@27d07bf1{/db/data,null,UNAVAILABLE}
07:05:49.492 [Thread-25] INFO  o.e.j.server.handler.ContextHandler - Stopped o.e.j.s.ServletContextHandler@53168a4c{/db/manage,null,UNAVAILABLE}
07:05:49.493 [Thread-25] INFO  o.e.j.server.handler.ContextHandler - Stopped o.e.j.w.WebAppContext@2e04589f{/webadmin,jar:file:/Users/crashprophet/Git/gifter/database/neo4j-2.1.7/system/lib/neo4j-server-2.1.7-static-web.jar!/webadmin-html,UNAVAILABLE}
07:05:49.493 [Thread-25] INFO  o.e.j.server.handler.ContextHandler - Stopped o.e.j.s.h.MovedContextHandler@1e1cba5a{/,null,UNAVAILABLE}
2015-04-04 14:05:49.507+0000 INFO  [API] Successfully shutdown Neo4j Server.
2015-04-04 14:05:49.585+0000 INFO  [API] Successfully stopped database
2015-04-04 14:05:49.585+0000 INFO  [API] Successfully shutdown database.
2015-04-04 14:05:53.380+0000 INFO  [API] Setting startup timeout to: 120000ms based on -1
2015-04-04 14:05:54.992+0000 INFO  [API] Successfully started database
2015-04-04 14:05:55.062+0000 INFO  [API] Starting HTTP on port :7474 with 80 threads available
2015-04-04 14:05:55.267+0000 INFO  [API] Enabling HTTPS on port :7473
2015-04-04 14:05:55.355+0000 INFO  [API] Mounted discovery module at [/]
2015-04-04 14:05:55.365+0000 INFO  [API] Mounted REST API at [/db/data/]
2015-04-04 14:05:55.373+0000 INFO  [API] Mounted management API at [/db/manage/]
2015-04-04 14:05:55.373+0000 INFO  [API] Mounted webadmin at [/webadmin]
2015-04-04 14:05:55.373+0000 INFO  [API] Mounted Neo4j Browser at [/browser]
2015-04-04 14:05:55.445+0000 INFO  [API] Mounting static content at [/webadmin] from [webadmin-html]
2015-04-04 14:05:55.503+0000 INFO  [API] Mounting static content at [/browser] from [browser]
07:05:55.505 [main] WARN  o.e.j.server.handler.ContextHandler - o.e.j.s.ServletContextHandler@59d8e841{/,null,null} contextPath ends with /
07:05:55.505 [main] WARN  o.e.j.server.handler.ContextHandler - Empty contextPath
07:05:55.508 [main] INFO  org.eclipse.jetty.server.Server - jetty-9.0.5.v20130815
07:05:55.534 [main] INFO  o.e.j.server.handler.ContextHandler - Started o.e.j.s.h.MovedContextHandler@2fefb21c{/,null,AVAILABLE}
07:05:55.623 [main] INFO  o.e.j.w.StandardDescriptorProcessor - NO JSP Support for /webadmin, did not find org.apache.jasper.servlet.JspServlet
07:05:55.634 [main] INFO  o.e.j.server.handler.ContextHandler - Started o.e.j.w.WebAppContext@486e758c{/webadmin,jar:file:/Users/crashprophet/Git/gifter/database/neo4j-2.1.7/system/lib/neo4j-server-2.1.7-static-web.jar!/webadmin-html,AVAILABLE}
07:05:56.055 [main] INFO  o.e.j.server.handler.ContextHandler - Started o.e.j.s.ServletContextHandler@952f842{/db/manage,null,AVAILABLE}
07:05:56.280 [main] INFO  o.e.j.server.handler.ContextHandler - Started o.e.j.s.ServletContextHandler@341b7631{/db/data,null,AVAILABLE}
07:05:56.296 [main] INFO  o.e.j.w.StandardDescriptorProcessor - NO JSP Support for /browser, did not find org.apache.jasper.servlet.JspServlet
07:05:56.297 [main] INFO  o.e.j.server.handler.ContextHandler - Started o.e.j.w.WebAppContext@1896d561{/browser,jar:file:/Users/crashprophet/Git/gifter/database/neo4j-2.1.7/system/lib/neo4j-browser-2.1.7.jar!/browser,AVAILABLE}
07:05:56.383 [main] INFO  o.e.j.server.handler.ContextHandler - Started o.e.j.s.ServletContextHandler@59d8e841{/,null,AVAILABLE}
07:05:56.400 [main] INFO  o.e.jetty.server.ServerConnector - Started ServerConnector@73d9a99a{HTTP/1.1}{localhost:7474}
07:05:56.770 [main] INFO  o.e.jetty.server.ServerConnector - Started ServerConnector@4716cab2{SSL-HTTP/1.1}{localhost:7473}
2015-04-04 14:05:56.770+0000 INFO  [API] Server started on: http://localhost:7474/
2015-04-04 14:05:56.770+0000 INFO  [API] Remote interface ready and available at [http://localhost:7474/]
